<?xml version="1.0" encoding="UTF-8"?>
<testsuite xmlns:xsi="http://www.w3.org/2001/XMLSchema-instance" xsi:noNamespaceSchemaLocation="https://maven.apache.org/surefire/maven-surefire-plugin/xsd/surefire-test-report-3.0.xsd" version="3.0" name="org.example.testRunner.runners" time="81.86" tests="15" errors="0" skipped="0" failures="3">
  <properties>
[...]
</properties>
  <testcase name="runScenario" classname="org.example.testRunner.runners" time="7.464"/>
  <testcase name="runScenario" classname="org.example.testRunner.runners" time="6.04"/>
  <testcase name="runScenario" classname="org.example.testRunner.runners" time="5.136"/>
  <testcase name="runScenario" classname="org.example.testRunner.runners" time="5.245"/>
  <testcase name="runScenario" classname="org.example.testRunner.runners" time="4.907"/>
  <testcase name="runScenario" classname="org.example.testRunner.runners" time="5.797"/>
  <testcase name="runScenario" classname="org.example.testRunner.runners" time="4.461"/>
  <testcase name="runScenario" classname="org.example.testRunner.runners" time="4.113">
    <failure message="The following asserts failed:&#10;	expected [true] but found [false]" type="java.lang.AssertionError"><![CDATA[java.lang.AssertionError: 
The following asserts failed:
	expected [true] but found [false]
]]></failure>
    <system-out><![CDATA[
@smoke
Scenario: Chose first item &amp#27;[90m# src/test/java/Feature/F06_homeSliders.feature:3&amp#27;[0m
1
https://demo.nopcommerce.com/
  &amp#27;[31mWhen &amp#27;[0m&amp#27;[31musre select first&amp#27;[0m   &amp#27;[90m# org.example.stepDefs.D06_homeSlidersStepDef.selectNokia()&amp#27;[0m
      &amp#27;[31mjava.lang.AssertionError: The following asserts failed:
	expected [true] but found [false]
	at org.testng.asserts.SoftAssert.assertAll(SoftAssert.java:46)
	at org.testng.asserts.SoftAssert.assertAll(SoftAssert.java:30)
	at org.example.stepDefs.D06_homeSlidersStepDef.selectNokia(D06_homeSlidersStepDef.java:33)
	at ✽.usre select first(file:///C:/Users/Amr%20Mehanna/IdeaProjects/demonopcommerce/src/test/java/Feature/F06_homeSliders.feature:4)
&amp#27;[0m
]]></system-out>
    <system-err><![CDATA[Starting ChromeDriver 106.0.5249.61 (511755355844955cd3e264779baf0dd38212a4d0-refs/branch-heads/5249@{#569}) on port 21452
Only local connections are allowed.
Please see https://chromedriver.chromium.org/security-considerations for suggestions on keeping ChromeDriver safe.
ChromeDriver was started successfully.
[1668712490.158][WARNING]: This version of ChromeDriver has not been tested with Chrome version 107.
]]></system-err>
  </testcase>
  <testcase name="runScenario" classname="org.example.testRunner.runners" time="7.642">
    <failure message="The following asserts failed:&#10;	expected [true] but found [false]" type="java.lang.AssertionError"><![CDATA[java.lang.AssertionError: 
The following asserts failed:
	expected [true] but found [false]
]]></failure>
    <system-out><![CDATA[
@smoke
Scenario: Chose second item &amp#27;[90m# src/test/java/Feature/F06_homeSliders.feature:6&amp#27;[0m
1
https://demo.nopcommerce.com/
  &amp#27;[31mWhen &amp#27;[0m&amp#27;[31musre select second&amp#27;[0m   &amp#27;[90m# org.example.stepDefs.D06_homeSlidersStepDef.selectiphone()&amp#27;[0m
      &amp#27;[31mjava.lang.AssertionError: The following asserts failed:
	expected [true] but found [false]
	at org.testng.asserts.SoftAssert.assertAll(SoftAssert.java:46)
	at org.testng.asserts.SoftAssert.assertAll(SoftAssert.java:30)
	at org.example.stepDefs.D06_homeSlidersStepDef.selectiphone(D06_homeSlidersStepDef.java:53)
	at ✽.usre select second(file:///C:/Users/Amr%20Mehanna/IdeaProjects/demonopcommerce/src/test/java/Feature/F06_homeSliders.feature:7)
&amp#27;[0m
]]></system-out>
    <system-err><![CDATA[Starting ChromeDriver 106.0.5249.61 (511755355844955cd3e264779baf0dd38212a4d0-refs/branch-heads/5249@{#569}) on port 47824
Only local connections are allowed.
Please see https://chromedriver.chromium.org/security-considerations for suggestions on keeping ChromeDriver safe.
ChromeDriver was started successfully.
[1668712494.288][WARNING]: This version of ChromeDriver has not been tested with Chrome version 107.
]]></system-err>
  </testcase>
  <testcase name="runScenario" classname="org.example.testRunner.runners" time="5.812"/>
  <testcase name="runScenario" classname="org.example.testRunner.runners" time="5.779"/>
  <testcase name="runScenario" classname="org.example.testRunner.runners" time="3.968">
    <failure message="The following asserts failed:&#10;	expected [true] but found [false]" type="java.lang.AssertionError"><![CDATA[java.lang.AssertionError: 
The following asserts failed:
	expected [true] but found [false]
]]></failure>
    <system-out><![CDATA[
@smoke
Scenario: Open Rss news site  &amp#27;[90m# src/test/java/Feature/F07_followUs.feature:9&amp#27;[0m
  &amp#27;[32mWhen &amp#27;[0m&amp#27;[32muser click on Rss icon&amp#27;[0m &amp#27;[90m# org.example.stepDefs.D07_followUsStepDef.clickRss()&amp#27;[0m
https://demo.nopcommerce.com/news/rss/1
  &amp#27;[31mThen &amp#27;[0m&amp#27;[31mopen Rss site&amp#27;[0m          &amp#27;[90m# org.example.stepDefs.D07_followUsStepDef.checkRss()&amp#27;[0m
      &amp#27;[31mjava.lang.AssertionError: The following asserts failed:
	expected [true] but found [false]
	at org.testng.asserts.SoftAssert.assertAll(SoftAssert.java:46)
	at org.testng.asserts.SoftAssert.assertAll(SoftAssert.java:30)
	at org.example.stepDefs.D07_followUsStepDef.checkRss(D07_followUsStepDef.java:56)
	at ✽.open Rss site(file:///C:/Users/Amr%20Mehanna/IdeaProjects/demonopcommerce/src/test/java/Feature/F07_followUs.feature:11)
&amp#27;[0m
]]></system-out>
    <system-err><![CDATA[Starting ChromeDriver 106.0.5249.61 (511755355844955cd3e264779baf0dd38212a4d0-refs/branch-heads/5249@{#569}) on port 36073
Only local connections are allowed.
Please see https://chromedriver.chromium.org/security-considerations for suggestions on keeping ChromeDriver safe.
ChromeDriver was started successfully.
[1668712513.514][WARNING]: This version of ChromeDriver has not been tested with Chrome version 107.
]]></system-err>
  </testcase>
  <testcase name="runScenario" classname="org.example.testRunner.runners" time="6.4"/>
  <testcase name="runScenario" classname="org.example.testRunner.runners" time="3.911"/>
  <testcase name="runScenario" classname="org.example.testRunner.runners" time="4.176"/>
</testsuite>